{
  "stats": {
    "suites": 1,
    "tests": 2,
    "passes": 2,
    "pending": 0,
    "failures": 0,
    "start": "2023-06-19T11:15:56.951Z",
    "end": "2023-06-19T11:15:58.147Z",
    "duration": 1196,
    "testsRegistered": 2,
    "passPercent": 100,
    "pendingPercent": 0,
    "other": 0,
    "hasOther": false,
    "skipped": 0,
    "hasSkipped": false
  },
  "results": [
    {
      "uuid": "1d00bfe9-5b78-4d2a-be79-690658f5a337",
      "title": "",
      "fullFile": "C:\\Users\\ACER\\Documents\\restful-booker-api\\test\\api\\chaiAssertCreateToken.js",
      "file": "\\test\\api\\chaiAssertCreateToken.js",
      "beforeHooks": [],
      "afterHooks": [],
      "tests": [],
      "suites": [
        {
          "uuid": "cc8df51c-8072-4868-9e53-a52374ffdfc1",
          "title": "Post Request Create Token",
          "fullFile": "C:\\Users\\ACER\\Documents\\restful-booker-api\\test\\api\\chaiAssertCreateToken.js",
          "file": "\\test\\api\\chaiAssertCreateToken.js",
          "beforeHooks": [],
          "afterHooks": [],
          "tests": [
            {
              "title": "response status equal to 200",
              "fullTitle": "Post Request Create Token response status equal to 200",
              "timedOut": false,
              "duration": 1188,
              "state": "passed",
              "speed": "slow",
              "pass": true,
              "fail": false,
              "pending": false,
              "context": null,
              "code": "expect((await response).status).to.equal(200)",
              "err": {},
              "uuid": "e1e7b083-9239-4025-82e9-98f825ce56c4",
              "parentUUID": "cc8df51c-8072-4868-9e53-a52374ffdfc1",
              "isHook": false,
              "skipped": false
            },
            {
              "title": "response body to haveOwnProperty",
              "fullTitle": "Post Request Create Token response body to haveOwnProperty",
              "timedOut": false,
              "duration": 1,
              "state": "passed",
              "speed": "fast",
              "pass": true,
              "fail": false,
              "pending": false,
              "context": null,
              "code": "expect((await response).body).to.haveOwnProperty('token')",
              "err": {},
              "uuid": "f1144554-62b5-4487-8fdb-52eb0b039784",
              "parentUUID": "cc8df51c-8072-4868-9e53-a52374ffdfc1",
              "isHook": false,
              "skipped": false
            }
          ],
          "suites": [],
          "passes": [
            "e1e7b083-9239-4025-82e9-98f825ce56c4",
            "f1144554-62b5-4487-8fdb-52eb0b039784"
          ],
          "failures": [],
          "pending": [],
          "skipped": [],
          "duration": 1189,
          "root": false,
          "rootEmpty": false,
          "_timeout": 2000
        }
      ],
      "passes": [],
      "failures": [],
      "pending": [],
      "skipped": [],
      "duration": 0,
      "root": true,
      "rootEmpty": true,
      "_timeout": 2000
    }
  ],
  "meta": {
    "mocha": {
      "version": "10.2.0"
    },
    "mochawesome": {
      "options": {
        "quiet": false,
        "reportFilename": "mochawesome",
        "saveHtml": true,
        "saveJson": true,
        "consoleReporter": "spec",
        "useInlineDiffs": false,
        "code": true
      },
      "version": "7.1.3"
    },
    "marge": {
      "options": null,
      "version": "6.2.0"
    }
  }
}