{
  "stats": {
    "suites": 1,
    "tests": 1,
    "passes": 1,
    "pending": 0,
    "failures": 0,
    "start": "2023-06-20T14:42:09.198Z",
    "end": "2023-06-20T14:42:10.701Z",
    "duration": 1503,
    "testsRegistered": 1,
    "passPercent": 100,
    "pendingPercent": 0,
    "other": 0,
    "hasOther": false,
    "skipped": 0,
    "hasSkipped": false
  },
  "results": [
    {
      "uuid": "0952eb0f-863b-4c51-a0fb-18d0e31cb5b6",
      "title": "",
      "fullFile": "C:\\Users\\ACER\\Documents\\restful-booker-api\\test\\api\\chaiAssertHealthCheck.js",
      "file": "\\test\\api\\chaiAssertHealthCheck.js",
      "beforeHooks": [],
      "afterHooks": [],
      "tests": [],
      "suites": [
        {
          "uuid": "b1140e86-ed3b-4938-9257-a79d7fd0a2cc",
          "title": "Get Request Health Check",
          "fullFile": "C:\\Users\\ACER\\Documents\\restful-booker-api\\test\\api\\chaiAssertHealthCheck.js",
          "file": "\\test\\api\\chaiAssertHealthCheck.js",
          "beforeHooks": [],
          "afterHooks": [],
          "tests": [
            {
              "title": "response status equal to 201",
              "fullTitle": "Get Request Health Check response status equal to 201",
              "timedOut": false,
              "duration": 1496,
              "state": "passed",
              "speed": "slow",
              "pass": true,
              "fail": false,
              "pending": false,
              "context": null,
              "code": "expect((await response).status).to.equal(201)",
              "err": {},
              "uuid": "052e5cbe-3903-4c20-88a7-b7fde6c21562",
              "parentUUID": "b1140e86-ed3b-4938-9257-a79d7fd0a2cc",
              "isHook": false,
              "skipped": false
            }
          ],
          "suites": [],
          "passes": [
            "052e5cbe-3903-4c20-88a7-b7fde6c21562"
          ],
          "failures": [],
          "pending": [],
          "skipped": [],
          "duration": 1496,
          "root": false,
          "rootEmpty": false,
          "_timeout": 2000
        }
      ],
      "passes": [],
      "failures": [],
      "pending": [],
      "skipped": [],
      "duration": 0,
      "root": true,
      "rootEmpty": true,
      "_timeout": 2000
    }
  ],
  "meta": {
    "mocha": {
      "version": "10.2.0"
    },
    "mochawesome": {
      "options": {
        "quiet": false,
        "reportFilename": "mochawesome",
        "saveHtml": true,
        "saveJson": true,
        "consoleReporter": "spec",
        "useInlineDiffs": false,
        "code": true
      },
      "version": "7.1.3"
    },
    "marge": {
      "options": null,
      "version": "6.2.0"
    }
  }
}